<?xml version="1.0" encoding="UTF-8"?>
<testng-results ignored="0" total="1" passed="1" failed="0" skipped="0">
  <reporter-output>
  </reporter-output>
  <suite started-at="2023-02-01T23:37:50 IST" name="Default suite" finished-at="2023-02-01T23:38:18 IST" duration-ms="27887">
    <groups>
    </groups>
    <test started-at="2023-02-01T23:37:50 IST" name="Default test" finished-at="2023-02-01T23:38:18 IST" duration-ms="27887">
      <class name="com.hrms.testscripts.TC002">
        <test-method signature="tc002()[pri:0, instance:com.hrms.testscripts.TC002@662b4c69]" started-at="2023-02-01T23:37:50 IST" name="tc002" finished-at="2023-02-01T23:38:18 IST" duration-ms="27812" status="PASS">
          <reporter-output>
          </reporter-output>
        </test-method> <!-- tc002 -->
      </class> <!-- com.hrms.testscripts.TC002 -->
    </test> <!-- Default test -->
  </suite> <!-- Default suite -->
</testng-results>
